<?xml version="1.0" encoding="UTF-8"?>
<!-- Generated by org.testng.reporters.JUnitReportReporter -->
<testsuite hostname="DESKTOP-9FANILD" failures="0" tests="1" name="com.vyasa.maventest.MavenTestNgTest" time="14.375" errors="0" timestamp="2022-06-03T14:56:58 IST" skipped="0">
  <testcase classname="com.vyasa.maventest.MavenTestNgTest" name="verifyTitle" time="14.375"/>
  <system-out/>
</testsuite> <!-- com.vyasa.maventest.MavenTestNgTest -->
